03036732577212944063491565474664
61010415408750705461207619130568
[3]
0 * 0
3 * 0
0 * 0
3 * 1
6 * 1
7 * 1
3 * 1
2 * 0
5 * 0
7 * 0
7 * 0
2 * -1
1 * -1
2 * -1
9 * -1
4 * 0
4 * 0
0 * 0
6 * 0
3 * 1
4 * 1
9 * 1
1 * 1
5 * 0
6 * 0
5 * 0
4 * 0
7 * -1
4 * -1
6 * -1
6 * -1
4 * 0
0 * 0
3 * 0
0 * 0
3 * 1
6 * 1
7 * 1
3 * 1
2 * 0
5 * 0
7 * 0
7 * 0
2 * -1
1 * -1
2 * -1
9 * -1
4 * 0
4 * 0
0 * 0
6 * 0
3 * 1
4 * 1
9 * 1
1 * 1
5 * 0
6 * 0
5 * 0
4 * 0
7 * -1
4 * -1
6 * -1
6 * -1
4 * 0
= -2
[4]
0 * 0
3 * 0
0 * 0
3 * 0
6 * 1
7 * 1
3 * 1
2 * 1
5 * 1
7 * 0
7 * 0
2 * 0
1 * 0
2 * 0
9 * -1
4 * -1
4 * -1
0 * -1
6 * -1
3 * 0
4 * 0
9 * 0
1 * 0
5 * 0
6 * 1
5 * 1
4 * 1
7 * 1
4 * 1
6 * 0
6 * 0
4 * 0
0 * 0
3 * 0
0 * -1
3 * -1
6 * -1
7 * -1
3 * -1
2 * 0
5 * 0
7 * 0
7 * 0
2 * 0
1 * 1
2 * 1
9 * 1
4 * 1
4 * 1
0 * 0
6 * 0
3 * 0
4 * 0
9 * 0
1 * -1
5 * -1
6 * -1
5 * -1
4 * -1
7 * 0
4 * 0
6 * 0
6 * 0
4 * 0
= 6
[5]
0 * 0
3 * 0
0 * 0
3 * 0
6 * 0
7 * 1
3 * 1
2 * 1
5 * 1
7 * 1
7 * 1
2 * 0
1 * 0
2 * 0
9 * 0
4 * 0
4 * 0
0 * -1
6 * -1
3 * -1
4 * -1
9 * -1
1 * -1
5 * 0
6 * 0
5 * 0
4 * 0
7 * 0
4 * 0
6 * 1
6 * 1
4 * 1
0 * 1
3 * 1
0 * 1
3 * 0
6 * 0
7 * 0
3 * 0
2 * 0
5 * 0
7 * -1
7 * -1
2 * -1
1 * -1
2 * -1
9 * -1
4 * 0
4 * 0
0 * 0
6 * 0
3 * 0
4 * 0
9 * 1
1 * 1
5 * 1
6 * 1
5 * 1
4 * 1
7 * 0
4 * 0
6 * 0
6 * 0
4 * 0
= 29
[6]
0 * 0
3 * 0
0 * 0
3 * 0
6 * 0
7 * 0
3 * 1
2 * 1
5 * 1
7 * 1
7 * 1
2 * 1
1 * 1
2 * 0
9 * 0
4 * 0
4 * 0
0 * 0
6 * 0
3 * 0
4 * -1
9 * -1
1 * -1
5 * -1
6 * -1
5 * -1
4 * -1
7 * 0
4 * 0
6 * 0
6 * 0
4 * 0
0 * 0
3 * 0
0 * 1
3 * 1
6 * 1
7 * 1
3 * 1
2 * 1
5 * 1
7 * 0
7 * 0
2 * 0
1 * 0
2 * 0
9 * 0
4 * 0
4 * -1
0 * -1
6 * -1
3 * -1
4 * -1
9 * -1
1 * -1
5 * 0
6 * 0
5 * 0
4 * 0
7 * 0
4 * 0
6 * 0
6 * 1
4 * 1
= 2
[7]
0 * 0
3 * 0
0 * 0
3 * 0
6 * 0
7 * 0
3 * 0
2 * 1
5 * 1
7 * 1
7 * 1
2 * 1
1 * 1
2 * 1
9 * 1
4 * 0
4 * 0
0 * 0
6 * 0
3 * 0
4 * 0
9 * 0
1 * 0
5 * -1
6 * -1
5 * -1
4 * -1
7 * -1
4 * -1
6 * -1
6 * -1
4 * 0
0 * 0
3 * 0
0 * 0
3 * 0
6 * 0
7 * 0
3 * 0
2 * 1
5 * 1
7 * 1
7 * 1
2 * 1
1 * 1
2 * 1
9 * 1
4 * 0
4 * 0
0 * 0
6 * 0
3 * 0
4 * 0
9 * 0
1 * 0
5 * -1
6 * -1
5 * -1
4 * -1
7 * -1
4 * -1
6 * -1
6 * -1
4 * 0
= -16
[8]
0 * 0
3 * 0
0 * 0
3 * 0
6 * 0
7 * 0
3 * 0
2 * 0
5 * 1
7 * 1
7 * 1
2 * 1
1 * 1
2 * 1
9 * 1
4 * 1
4 * 1
0 * 0
6 * 0
3 * 0
4 * 0
9 * 0
1 * 0
5 * 0
6 * 0
5 * 0
4 * -1
7 * -1
4 * -1
6 * -1
6 * -1
4 * -1
0 * -1
3 * -1
0 * -1
3 * 0
6 * 0
7 * 0
3 * 0
2 * 0
5 * 0
7 * 0
7 * 0
2 * 0
1 * 1
2 * 1
9 * 1
4 * 1
4 * 1
0 * 1
6 * 1
3 * 1
4 * 1
9 * 0
1 * 0
5 * 0
6 * 0
5 * 0
4 * 0
7 * 0
4 * 0
6 * 0
6 * -1
4 * -1
= 30
[9]
0 * 0
3 * 0
0 * 0
3 * 0
6 * 0
7 * 0
3 * 0
2 * 0
5 * 0
7 * 1
7 * 1
2 * 1
1 * 1
2 * 1
9 * 1
4 * 1
4 * 1
0 * 1
6 * 1
3 * 0
4 * 0
9 * 0
1 * 0
5 * 0
6 * 0
5 * 0
4 * 0
7 * 0
4 * 0
6 * -1
6 * -1
4 * -1
0 * -1
3 * -1
0 * -1
3 * -1
6 * -1
7 * -1
3 * -1
2 * 0
5 * 0
7 * 0
7 * 0
2 * 0
1 * 0
2 * 0
9 * 0
4 * 0
4 * 0
0 * 1
6 * 1
3 * 1
4 * 1
9 * 1
1 * 1
5 * 1
6 * 1
5 * 1
4 * 1
7 * 0
4 * 0
6 * 0
6 * 0
4 * 0
= 47
[10]
0 * 0
3 * 0
0 * 0
3 * 0
6 * 0
7 * 0
3 * 0
2 * 0
5 * 0
7 * 0
7 * 1
2 * 1
1 * 1
2 * 1
9 * 1
4 * 1
4 * 1
0 * 1
6 * 1
3 * 1
4 * 1
9 * 0
1 * 0
5 * 0
6 * 0
5 * 0
4 * 0
7 * 0
4 * 0
6 * 0
6 * 0
4 * 0
0 * -1
3 * -1
0 * -1
3 * -1
6 * -1
7 * -1
3 * -1
2 * -1
5 * -1
7 * -1
7 * -1
2 * 0
1 * 0
2 * 0
9 * 0
4 * 0
4 * 0
0 * 0
6 * 0
3 * 0
4 * 0
9 * 0
1 * 1
5 * 1
6 * 1
5 * 1
4 * 1
7 * 1
4 * 1
6 * 1
6 * 1
4 * 1
= 47
[2, 6, 9, 2, 6, 0, 7, 7]
